{"level":"info","message":"Server started on port http://localhost:3000","service":"jobs-placements-api","timestamp":"2026-01-28 17:01:20"}
{"level":"info","message":" MongoDB Connected: ac-ej7fkua-shard-00-02.jdutbtc.mongodb.net","service":"jobs-placements-api","timestamp":"2026-01-28 17:01:23"}
{"level":"info","message":" Database: job_placements","service":"jobs-placements-api","timestamp":"2026-01-28 17:01:23"}
{"level":"info","message":"Server started on port http://localhost:3000","service":"jobs-placements-api","timestamp":"2026-01-28 17:02:29"}
{"level":"info","message":"Server started on port http://localhost:3000","service":"jobs-placements-api","timestamp":"2026-01-28 17:02:33"}
{"level":"info","message":" MongoDB Connected: ac-ej7fkua-shard-00-01.jdutbtc.mongodb.net","service":"jobs-placements-api","timestamp":"2026-01-28 17:02:35"}
{"level":"info","message":" Database: job_placements","service":"jobs-placements-api","timestamp":"2026-01-28 17:02:35"}
{"level":"info","message":"Server started on port http://localhost:3000","service":"jobs-placements-api","timestamp":"2026-01-28 17:02:51"}
{"level":"info","message":"Server started on port http://localhost:3000","service":"jobs-placements-api","timestamp":"2026-01-28 17:02:55"}
{"level":"info","message":" MongoDB Connected: ac-ej7fkua-shard-00-00.jdutbtc.mongodb.net","service":"jobs-placements-api","timestamp":"2026-01-28 17:02:57"}
{"level":"info","message":" Database: job_placements","service":"jobs-placements-api","timestamp":"2026-01-28 17:02:57"}
{"level":"info","message":"Server started on port http://localhost:3000","service":"jobs-placements-api","timestamp":"2026-01-28 17:03:48"}
{"level":"info","message":" MongoDB Connected: ac-ej7fkua-shard-00-01.jdutbtc.mongodb.net","service":"jobs-placements-api","timestamp":"2026-01-28 17:03:51"}
{"level":"info","message":" Database: job_placements","service":"jobs-placements-api","timestamp":"2026-01-28 17:03:51"}
{"level":"info","message":"Server started on port http://localhost:3000","service":"jobs-placements-api","timestamp":"2026-01-28 17:06:53"}
{"level":"info","message":" MongoDB Connected: ac-ej7fkua-shard-00-00.jdutbtc.mongodb.net","service":"jobs-placements-api","timestamp":"2026-01-28 17:06:55"}
{"level":"info","message":" Database: job_placements","service":"jobs-placements-api","timestamp":"2026-01-28 17:06:55"}
{"level":"info","message":"Server started on port http://localhost:3000","service":"jobs-placements-api","timestamp":"2026-01-28 17:07:35"}
{"level":"info","message":" MongoDB Connected: ac-ej7fkua-shard-00-01.jdutbtc.mongodb.net","service":"jobs-placements-api","timestamp":"2026-01-28 17:07:38"}
{"level":"info","message":" Database: job_placements","service":"jobs-placements-api","timestamp":"2026-01-28 17:07:38"}
{"level":"info","message":"Server started on port http://localhost:3000","service":"jobs-placements-api","timestamp":"2026-01-28 17:11:44"}
{"level":"info","message":" MongoDB Connected: ac-ej7fkua-shard-00-00.jdutbtc.mongodb.net","service":"jobs-placements-api","timestamp":"2026-01-28 17:11:50"}
{"level":"info","message":" Database: job_placements","service":"jobs-placements-api","timestamp":"2026-01-28 17:11:50"}
{"level":"info","message":"Server started on port http://localhost:3000","service":"jobs-placements-api","timestamp":"2026-01-28 17:14:40"}
{"level":"info","message":" MongoDB Connected: ac-ej7fkua-shard-00-01.jdutbtc.mongodb.net","service":"jobs-placements-api","timestamp":"2026-01-28 17:14:42"}
{"level":"info","message":" Database: job_placements","service":"jobs-placements-api","timestamp":"2026-01-28 17:14:42"}
{"error":{"isOperational":true,"status":"fail","statusCode":404},"level":"error","message":"Error 💥","method":"GET","params":{},"query":{},"service":"jobs-placements-api","stack":"Error: Route /uploads/1769597395298-WhatsApp%20Image%202026-01-10%20at%2011.42.14%20AM.jpeg not found\n    at notFound (C:\\Users\\Admin\\Desktop\\Aakash\\projects\\Jobs_placements\\server\\middlewares\\errorMiddleware.js:127:17)\n    at Layer.handleRequest (C:\\Users\\Admin\\Desktop\\Aakash\\projects\\Jobs_placements\\server\\node_modules\\router\\lib\\layer.js:152:17)\n    at trimPrefix (C:\\Users\\Admin\\Desktop\\Aakash\\projects\\Jobs_placements\\server\\node_modules\\router\\index.js:342:13)\n    at C:\\Users\\Admin\\Desktop\\Aakash\\projects\\Jobs_placements\\server\\node_modules\\router\\index.js:297:9\n    at processParams (C:\\Users\\Admin\\Desktop\\Aakash\\projects\\Jobs_placements\\server\\node_modules\\router\\index.js:582:12)\n    at next (C:\\Users\\Admin\\Desktop\\Aakash\\projects\\Jobs_placements\\server\\node_modules\\router\\index.js:291:5)\n    at SendStream.error (C:\\Users\\Admin\\Desktop\\Aakash\\projects\\Jobs_placements\\server\\node_modules\\serve-static\\index.js:120:7)\n    at SendStream.emit (node:events:519:28)\n    at SendStream.error (C:\\Users\\Admin\\Desktop\\Aakash\\projects\\Jobs_placements\\server\\node_modules\\send\\index.js:168:17)\n    at SendStream.onStatError (C:\\Users\\Admin\\Desktop\\Aakash\\projects\\Jobs_placements\\server\\node_modules\\send\\index.js:315:12)","timestamp":"2026-01-28 17:15:30","url":"/uploads/1769597395298-WhatsApp%20Image%202026-01-10%20at%2011.42.14%20AM.jpeg"}
{"level":"info","message":"Fetching blogs for company: 6958ff7ab754f47180594a20","service":"jobs-placements-api","timestamp":"2026-01-28 17:15:31"}
{"level":"info","message":"Found 4 blogs for company 6958ff7ab754f47180594a20","service":"jobs-placements-api","timestamp":"2026-01-28 17:15:31"}
{"error":{"isOperational":true,"status":"fail","statusCode":404},"level":"error","message":"Error 💥","method":"GET","params":{},"query":{},"service":"jobs-placements-api","stack":"Error: Route /uploads/1769597395298-WhatsApp%20Image%202026-01-10%20at%2011.42.14%20AM.jpeg not found\n    at notFound (C:\\Users\\Admin\\Desktop\\Aakash\\projects\\Jobs_placements\\server\\middlewares\\errorMiddleware.js:127:17)\n    at Layer.handleRequest (C:\\Users\\Admin\\Desktop\\Aakash\\projects\\Jobs_placements\\server\\node_modules\\router\\lib\\layer.js:152:17)\n    at trimPrefix (C:\\Users\\Admin\\Desktop\\Aakash\\projects\\Jobs_placements\\server\\node_modules\\router\\index.js:342:13)\n    at C:\\Users\\Admin\\Desktop\\Aakash\\projects\\Jobs_placements\\server\\node_modules\\router\\index.js:297:9\n    at processParams (C:\\Users\\Admin\\Desktop\\Aakash\\projects\\Jobs_placements\\server\\node_modules\\router\\index.js:582:12)\n    at next (C:\\Users\\Admin\\Desktop\\Aakash\\projects\\Jobs_placements\\server\\node_modules\\router\\index.js:291:5)\n    at SendStream.error (C:\\Users\\Admin\\Desktop\\Aakash\\projects\\Jobs_placements\\server\\node_modules\\serve-static\\index.js:120:7)\n    at SendStream.emit (node:events:519:28)\n    at SendStream.error (C:\\Users\\Admin\\Desktop\\Aakash\\projects\\Jobs_placements\\server\\node_modules\\send\\index.js:168:17)\n    at SendStream.onStatError (C:\\Users\\Admin\\Desktop\\Aakash\\projects\\Jobs_placements\\server\\node_modules\\send\\index.js:315:12)","timestamp":"2026-01-28 17:15:33","url":"/uploads/1769597395298-WhatsApp%20Image%202026-01-10%20at%2011.42.14%20AM.jpeg"}
{"level":"info","message":"File uploaded to Cloudinary: jobs_portal/companies/logo_1769600749037_pqfb11i0m","service":"jobs-placements-api","timestamp":"2026-01-28 17:15:50"}
{"error":{"isOperational":true,"status":"fail","statusCode":404},"level":"error","message":"Error 💥","method":"GET","params":{},"query":{},"service":"jobs-placements-api","stack":"Error: Route /uploads/1769597395298-WhatsApp%20Image%202026-01-10%20at%2011.42.14%20AM.jpeg not found\n    at notFound (C:\\Users\\Admin\\Desktop\\Aakash\\projects\\Jobs_placements\\server\\middlewares\\errorMiddleware.js:127:17)\n    at Layer.handleRequest (C:\\Users\\Admin\\Desktop\\Aakash\\projects\\Jobs_placements\\server\\node_modules\\router\\lib\\layer.js:152:17)\n    at trimPrefix (C:\\Users\\Admin\\Desktop\\Aakash\\projects\\Jobs_placements\\server\\node_modules\\router\\index.js:342:13)\n    at C:\\Users\\Admin\\Desktop\\Aakash\\projects\\Jobs_placements\\server\\node_modules\\router\\index.js:297:9\n    at processParams (C:\\Users\\Admin\\Desktop\\Aakash\\projects\\Jobs_placements\\server\\node_modules\\router\\index.js:582:12)\n    at next (C:\\Users\\Admin\\Desktop\\Aakash\\projects\\Jobs_placements\\server\\node_modules\\router\\index.js:291:5)\n    at SendStream.error (C:\\Users\\Admin\\Desktop\\Aakash\\projects\\Jobs_placements\\server\\node_modules\\serve-static\\index.js:120:7)\n    at SendStream.emit (node:events:519:28)\n    at SendStream.error (C:\\Users\\Admin\\Desktop\\Aakash\\projects\\Jobs_placements\\server\\node_modules\\send\\index.js:168:17)\n    at SendStream.onStatError (C:\\Users\\Admin\\Desktop\\Aakash\\projects\\Jobs_placements\\server\\node_modules\\send\\index.js:315:12)","timestamp":"2026-01-28 17:15:52","url":"/uploads/1769597395298-WhatsApp%20Image%202026-01-10%20at%2011.42.14%20AM.jpeg"}
{"level":"info","message":"Fetching blogs for company: 6958ff7ab754f47180594a20","service":"jobs-placements-api","timestamp":"2026-01-28 17:15:52"}
{"level":"info","message":"Found 4 blogs for company 6958ff7ab754f47180594a20","service":"jobs-placements-api","timestamp":"2026-01-28 17:15:52"}
{"level":"info","message":"Fetching blogs for company: 6958ff7ab754f47180594a20","service":"jobs-placements-api","timestamp":"2026-01-28 17:17:54"}
{"level":"info","message":"Found 4 blogs for company 6958ff7ab754f47180594a20","service":"jobs-placements-api","timestamp":"2026-01-28 17:17:54"}
{"level":"info","message":"Fetching blogs for company: 6958ff7ab754f47180594a20","service":"jobs-placements-api","timestamp":"2026-01-28 17:18:02"}
{"level":"info","message":"Found 4 blogs for company 6958ff7ab754f47180594a20","service":"jobs-placements-api","timestamp":"2026-01-28 17:18:02"}
{"level":"info","message":"Fetching blogs for company: 6958ff7ab754f47180594a20","service":"jobs-placements-api","timestamp":"2026-01-28 17:18:12"}
{"level":"info","message":"Found 4 blogs for company 6958ff7ab754f47180594a20","service":"jobs-placements-api","timestamp":"2026-01-28 17:18:12"}
{"level":"info","message":"Fetching blogs for company: 6958ff7ab754f47180594a20","service":"jobs-placements-api","timestamp":"2026-01-28 17:18:22"}
{"level":"info","message":"Found 4 blogs for company 6958ff7ab754f47180594a20","service":"jobs-placements-api","timestamp":"2026-01-28 17:18:22"}
{"level":"info","message":"Fetching blogs for company: 6958ff7ab754f47180594a20","service":"jobs-placements-api","timestamp":"2026-01-28 17:18:23"}
{"level":"info","message":"Found 4 blogs for company 6958ff7ab754f47180594a20","service":"jobs-placements-api","timestamp":"2026-01-28 17:18:23"}
{"level":"info","message":"Fetching blogs for company: 6958ff7ab754f47180594a20","service":"jobs-placements-api","timestamp":"2026-01-28 17:18:24"}
{"level":"info","message":"Found 5 blogs for company 6958ff7ab754f47180594a20","service":"jobs-placements-api","timestamp":"2026-01-28 17:18:24"}
{"level":"info","message":"Fetching blogs for company: 6958ff7ab754f47180594a20","service":"jobs-placements-api","timestamp":"2026-01-28 17:18:53"}
{"level":"info","message":"Found 4 blogs for company 6958ff7ab754f47180594a20","service":"jobs-placements-api","timestamp":"2026-01-28 17:18:53"}
{"level":"info","message":"Fetching blogs for company: 6958ff7ab754f47180594a20","service":"jobs-placements-api","timestamp":"2026-01-28 17:18:55"}
{"level":"info","message":"Found 4 blogs for company 6958ff7ab754f47180594a20","service":"jobs-placements-api","timestamp":"2026-01-28 17:18:55"}
{"level":"info","message":"Fetching blogs for company: 6958ff7ab754f47180594a20","service":"jobs-placements-api","timestamp":"2026-01-28 17:18:56"}
{"level":"info","message":"Found 4 blogs for company 6958ff7ab754f47180594a20","service":"jobs-placements-api","timestamp":"2026-01-28 17:18:56"}
{"level":"info","message":"File uploaded to Cloudinary: jobs_portal/companies/logo_1769601058990_qrbqbhl94","service":"jobs-placements-api","timestamp":"2026-01-28 17:21:01"}
{"level":"info","message":"Fetching blogs for company: 6958ff7ab754f47180594a20","service":"jobs-placements-api","timestamp":"2026-01-28 17:21:03"}
{"level":"info","message":"Found 4 blogs for company 6958ff7ab754f47180594a20","service":"jobs-placements-api","timestamp":"2026-01-28 17:21:03"}
{"level":"info","message":"Fetching blogs for company: 6958ff7ab754f47180594a20","service":"jobs-placements-api","timestamp":"2026-01-28 17:21:07"}
{"level":"info","message":"Found 4 blogs for company 6958ff7ab754f47180594a20","service":"jobs-placements-api","timestamp":"2026-01-28 17:21:07"}
{"level":"info","message":"Fetching blogs for company: 6958ff7ab754f47180594a20","service":"jobs-placements-api","timestamp":"2026-01-28 17:23:01"}
{"level":"info","message":"Found 4 blogs for company 6958ff7ab754f47180594a20","service":"jobs-placements-api","timestamp":"2026-01-28 17:23:01"}
{"level":"info","message":"Fetching blogs for company: 6958ff7ab754f47180594a20","service":"jobs-placements-api","timestamp":"2026-01-28 17:23:04"}
{"level":"info","message":"Found 4 blogs for company 6958ff7ab754f47180594a20","service":"jobs-placements-api","timestamp":"2026-01-28 17:23:04"}
{"level":"info","message":"Fetching blogs for company: 6958ff7ab754f47180594a20","service":"jobs-placements-api","timestamp":"2026-01-28 17:23:05"}
{"level":"info","message":"Found 5 blogs for company 6958ff7ab754f47180594a20","service":"jobs-placements-api","timestamp":"2026-01-28 17:23:05"}
{"level":"info","message":"Fetching blogs for company: 6958ff7ab754f47180594a20","service":"jobs-placements-api","timestamp":"2026-01-28 17:23:08"}
{"level":"info","message":"Found 4 blogs for company 6958ff7ab754f47180594a20","service":"jobs-placements-api","timestamp":"2026-01-28 17:23:08"}
{"level":"info","message":"Fetching blogs for company: 6958ff7ab754f47180594a20","service":"jobs-placements-api","timestamp":"2026-01-28 17:24:19"}
{"level":"info","message":"Found 4 blogs for company 6958ff7ab754f47180594a20","service":"jobs-placements-api","timestamp":"2026-01-28 17:24:19"}
{"level":"info","message":"Fetching blogs for company: 6958ff7ab754f47180594a20","service":"jobs-placements-api","timestamp":"2026-01-28 17:24:33"}
{"level":"info","message":"Found 5 blogs for company 6958ff7ab754f47180594a20","service":"jobs-placements-api","timestamp":"2026-01-28 17:24:33"}
{"level":"info","message":"Blog deleted: 695e1db2a1ca45cedf728706 by user 6958fc091cf0f527deb509d7","service":"jobs-placements-api","timestamp":"2026-01-28 17:26:25"}
{"level":"info","message":"Fetching blogs for company: 6958ff7ab754f47180594a20","service":"jobs-placements-api","timestamp":"2026-01-28 17:26:37"}
{"level":"info","message":"Found 3 blogs for company 6958ff7ab754f47180594a20","service":"jobs-placements-api","timestamp":"2026-01-28 17:26:37"}
{"level":"info","message":"Fetching blogs for company: 6958ff7ab754f47180594a20","service":"jobs-placements-api","timestamp":"2026-01-28 17:26:41"}
{"level":"info","message":"Found 3 blogs for company 6958ff7ab754f47180594a20","service":"jobs-placements-api","timestamp":"2026-01-28 17:26:41"}
{"level":"info","message":"Fetching blogs for company: 6958ff7ab754f47180594a20","service":"jobs-placements-api","timestamp":"2026-01-28 17:30:47"}
{"level":"info","message":"Found 3 blogs for company 6958ff7ab754f47180594a20","service":"jobs-placements-api","timestamp":"2026-01-28 17:30:47"}
{"level":"info","message":"SIGINT received: Closing server gracefully...","service":"jobs-placements-api","timestamp":"2026-01-28 17:32:34"}
